<?xml version="1.0" encoding="UTF-8"?>
<testsuite name="Tests" tests="1" skipped="0" failures="0" errors="0" timestamp="2021-02-23T22:45:59" hostname="EZEKIEL" time="0.316">
  <properties/>
  <testcase name="testSolution" classname="Tests" time="0.316"/>
  <system-out><![CDATA[]]></system-out>
  <system-err><![CDATA[]]></system-err>
</testsuite>
